<?xml version="1.0" encoding="UTF-8"?>
<!-- Generated by org.testng.reporters.JUnitXMLReporter -->
<testsuite ignored="0" hostname="LAPTOP-N4US75F9" failures="1" tests="1" name="Test" time="15.61" errors="0" timestamp="23 May 2021 14:07:09 GMT">
  <testcase classname="Test.SimpalilearnDemo" name="login" time="3.76">
    <failure type="java.lang.AssertionError" message="expected [The email or password you have entered is .] but found [The email or password you have entered is invalid.]">
      <![CDATA[java.lang.AssertionError: expected [The email or password you have entered is .] but found [The email or password you have entered is invalid.]
at Test.SimpalilearnDemo.login(SimpalilearnDemo.java:77)
... Removed 31 stack frames]]>
    </failure>
  </testcase> <!-- login -->
</testsuite> <!-- Test -->
